生成启动时间为 9/7/2018 12:06:05 AM。
     1>项目“D:\SSCOCA\ZakProject\VsProject\炫彩气泡\炫彩气泡\炫彩气泡.vcxproj”在节点 2 上(Build 个目标)。
     1>ClCompile:
         C:\Program Files (x86)\Microsoft Visual Studio 12.0\VC\bin\CL.exe /c /ZI /nologo /W3 /WX- /sdl /Od /Oy- /D WIN32 /D _DEBUG /D _WINDOWS /D _UNICODE /D UNICODE /Gm /EHsc /RTC1 /MDd /GS /fp:precise /Zc:wchar_t /Zc:forScope /Fo"Debug\\" /Fd"Debug\vc120.pdb" /Gd /TP /analyze- /errorReport:prompt CBubble.cpp
         CBubble.cpp
     1>d:\sscoca\zakproject\vsproject\炫彩气泡\炫彩气泡\cbubble.h(14): warning C4244: “参数”: 从“double”转换到“INT”，可能丢失数据
     1>d:\sscoca\zakproject\vsproject\炫彩气泡\炫彩气泡\cbubble.cpp(38): warning C4244: “参数”: 从“double”转换到“Gdiplus::REAL”，可能丢失数据
     1>d:\sscoca\zakproject\vsproject\炫彩气泡\炫彩气泡\cbubble.cpp(144): warning C4244: “初始化”: 从“double”转换到“int”，可能丢失数据
     1>d:\sscoca\zakproject\vsproject\炫彩气泡\炫彩气泡\cbubble.cpp(145): warning C4244: “初始化”: 从“double”转换到“int”，可能丢失数据
       Link:
         C:\Program Files (x86)\Microsoft Visual Studio 12.0\VC\bin\link.exe /ERRORREPORT:PROMPT /OUT:"D:\SSCOCA\ZakProject\VsProject\炫彩气泡\Debug\炫彩气泡.exe" /INCREMENTAL /NOLOGO kernel32.lib user32.lib gdi32.lib winspool.lib comdlg32.lib advapi32.lib shell32.lib ole32.lib oleaut32.lib uuid.lib odbc32.lib odbccp32.lib /MANIFEST /MANIFESTUAC:"level='asInvoker' uiAccess='false'" /manifest:embed /DEBUG /PDB:"D:\SSCOCA\ZakProject\VsProject\炫彩气泡\Debug\炫彩气泡.pdb" /SUBSYSTEM:WINDOWS /TLBID:1 /DYNAMICBASE /NXCOMPAT /IMPLIB:"D:\SSCOCA\ZakProject\VsProject\炫彩气泡\Debug\炫彩气泡.lib" /MACHINE:X86 "Debug\炫彩气泡.res"
         Debug\CBubbleManger.obj
         Debug\CBubble.obj
         Debug\CDuiApp.obj
         Debug\CWndBase.obj
         Debug\main.obj
         炫彩气泡.vcxproj -> D:\SSCOCA\ZakProject\VsProject\炫彩气泡\Debug\炫彩气泡.exe
     1>已完成生成项目“D:\SSCOCA\ZakProject\VsProject\炫彩气泡\炫彩气泡\炫彩气泡.vcxproj”(Build 个目标)的操作。

生成成功。

已用时间 00:00:01.56
